<?xml version="1.0" encoding="UTF-8"?>
<Site BuildName="Win32-MSBuild"
	BuildStamp="20231024-1159-Experimental"
	Name="DESKTOP-VAL9THM"
	Generator="ctest-3.28.0-rc1"
	CompilerName="C:/Program Files/Microsoft Visual Studio/2022/Community/VC/Tools/MSVC/14.37.32822/bin/Hostx64/x64/cl.exe"
	CompilerVersion="19.37.32825.0"
	OSName="Windows"
	Hostname="DESKTOP-VAL9THM"
	OSRelease=" Professional"
	OSVersion=" (Build 22621)"
	OSPlatform="AMD64"
	Is64Bits="1"
	VendorString="GenuineIntel"
	VendorID="Intel Corporation"
	FamilyID="6"
	ModelID="10"
	ProcessorCacheSize="-1"
	NumberOfLogicalCPU="12"
	NumberOfPhysicalCPU="8"
	TotalVirtualMemory="21720"
	TotalPhysicalMemory="16088"
	LogicalProcessorsPerPhysical="1"
	ProcessorClockFrequency="2497"
	>
	<Testing>
		<StartDateTime>Oct 24 18:54 Hora oficial do Brasil</StartDateTime>
		<StartTestTime>1698184488</StartTestTime>
		<TestList/>
		<EndDateTime>Oct 24 18:54 Hora oficial do Brasil</EndDateTime>
		<EndTestTime>1698184488</EndTestTime>
		<ElapsedMinutes>0</ElapsedMinutes>
	</Testing>
</Site>
